\BOOKMARK [0][-]{chapter.1}{\376\377\0001\000\040\000N\000a\000m\000e\000s\000p\000a\000c\000e\000\040\000I\000n\000d\000e\000x}{}% 1
\BOOKMARK [1][-]{section.1.1}{\376\377\0001\000.\0001\000\040\000P\000a\000c\000k\000a\000g\000e\000s}{chapter.1}% 2
\BOOKMARK [0][-]{chapter.2}{\376\377\0002\000\040\000H\000i\000e\000r\000a\000r\000c\000h\000i\000c\000a\000l\000\040\000I\000n\000d\000e\000x}{}% 3
\BOOKMARK [1][-]{section.2.1}{\376\377\0002\000.\0001\000\040\000C\000l\000a\000s\000s\000\040\000H\000i\000e\000r\000a\000r\000c\000h\000y}{chapter.2}% 4
\BOOKMARK [0][-]{chapter.3}{\376\377\0003\000\040\000C\000l\000a\000s\000s\000\040\000I\000n\000d\000e\000x}{}% 5
\BOOKMARK [1][-]{section.3.1}{\376\377\0003\000.\0001\000\040\000C\000l\000a\000s\000s\000\040\000L\000i\000s\000t}{chapter.3}% 6
\BOOKMARK [0][-]{chapter.4}{\376\377\0004\000\040\000N\000a\000m\000e\000s\000p\000a\000c\000e\000\040\000D\000o\000c\000u\000m\000e\000n\000t\000a\000t\000i\000o\000n}{}% 7
\BOOKMARK [1][-]{section.4.1}{\376\377\0004\000.\0001\000\040\000a\000t\000t\000e\000n\000d\000a\000n\000c\000e\000.\000a\000d\000m\000i\000n\000\040\000N\000a\000m\000e\000s\000p\000a\000c\000e\000\040\000R\000e\000f\000e\000r\000e\000n\000c\000e}{chapter.4}% 8
\BOOKMARK [2][-]{subsection.4.1.1}{\376\377\0004\000.\0001\000.\0001\000\040\000D\000e\000t\000a\000i\000l\000e\000d\000\040\000D\000e\000s\000c\000r\000i\000p\000t\000i\000o\000n}{section.4.1}% 9
\BOOKMARK [1][-]{section.4.2}{\376\377\0004\000.\0002\000\040\000c\000l\000a\000s\000s\000\137\000m\000a\000n\000a\000g\000e\000m\000e\000n\000t\000.\000s\000e\000t\000t\000i\000n\000g\000s\000\040\000N\000a\000m\000e\000s\000p\000a\000c\000e\000\040\000R\000e\000f\000e\000r\000e\000n\000c\000e}{chapter.4}% 10
\BOOKMARK [2][-]{subsection.4.2.1}{\376\377\0004\000.\0002\000.\0001\000\040\000D\000e\000t\000a\000i\000l\000e\000d\000\040\000D\000e\000s\000c\000r\000i\000p\000t\000i\000o\000n}{section.4.2}% 11
\BOOKMARK [2][-]{subsection.4.2.2}{\376\377\0004\000.\0002\000.\0002\000\040\000V\000a\000r\000i\000a\000b\000l\000e\000\040\000D\000o\000c\000u\000m\000e\000n\000t\000a\000t\000i\000o\000n}{section.4.2}% 12
\BOOKMARK [3][-]{subsubsection.4.2.2.1}{\376\377\0004\000.\0002\000.\0002\000.\0001\000\040\000A\000U\000T\000H\000\137\000P\000A\000S\000S\000W\000O\000R\000D\000\137\000V\000A\000L\000I\000D\000A\000T\000O\000R\000S}{subsection.4.2.2}% 13
\BOOKMARK [3][-]{subsubsection.4.2.2.2}{\376\377\0004\000.\0002\000.\0002\000.\0002\000\040\000D\000A\000T\000A\000B\000A\000S\000E\000S}{subsection.4.2.2}% 14
\BOOKMARK [3][-]{subsubsection.4.2.2.3}{\376\377\0004\000.\0002\000.\0002\000.\0003\000\040\000I\000N\000S\000T\000A\000L\000L\000E\000D\000\137\000A\000P\000P\000S}{subsection.4.2.2}% 15
\BOOKMARK [3][-]{subsubsection.4.2.2.4}{\376\377\0004\000.\0002\000.\0002\000.\0004\000\040\000M\000I\000D\000D\000L\000E\000W\000A\000R\000E}{subsection.4.2.2}% 16
\BOOKMARK [3][-]{subsubsection.4.2.2.5}{\376\377\0004\000.\0002\000.\0002\000.\0005\000\040\000S\000T\000A\000T\000I\000C\000F\000I\000L\000E\000S\000\137\000D\000I\000R\000S}{subsection.4.2.2}% 17
\BOOKMARK [3][-]{subsubsection.4.2.2.6}{\376\377\0004\000.\0002\000.\0002\000.\0006\000\040\000T\000E\000M\000P\000L\000A\000T\000E\000\137\000C\000O\000N\000T\000E\000X\000T\000\137\000P\000R\000O\000C\000E\000S\000S\000O\000R\000S}{subsection.4.2.2}% 18
\BOOKMARK [3][-]{subsubsection.4.2.2.7}{\376\377\0004\000.\0002\000.\0002\000.\0007\000\040\000T\000E\000M\000P\000L\000A\000T\000E\000S}{subsection.4.2.2}% 19
\BOOKMARK [1][-]{section.4.3}{\376\377\0004\000.\0003\000\040\000c\000l\000a\000s\000s\000\137\000m\000a\000n\000a\000g\000e\000m\000e\000n\000t\000.\000u\000r\000l\000s\000\040\000N\000a\000m\000e\000s\000p\000a\000c\000e\000\040\000R\000e\000f\000e\000r\000e\000n\000c\000e}{chapter.4}% 20
\BOOKMARK [2][-]{subsection.4.3.1}{\376\377\0004\000.\0003\000.\0001\000\040\000D\000e\000t\000a\000i\000l\000e\000d\000\040\000D\000e\000s\000c\000r\000i\000p\000t\000i\000o\000n}{section.4.3}% 21
\BOOKMARK [2][-]{subsection.4.3.2}{\376\377\0004\000.\0003\000.\0002\000\040\000V\000a\000r\000i\000a\000b\000l\000e\000\040\000D\000o\000c\000u\000m\000e\000n\000t\000a\000t\000i\000o\000n}{section.4.3}% 22
\BOOKMARK [3][-]{subsubsection.4.3.2.1}{\376\377\0004\000.\0003\000.\0002\000.\0001\000\040\000u\000r\000l\000p\000a\000t\000t\000e\000r\000n\000s}{subsection.4.3.2}% 23
\BOOKMARK [1][-]{section.4.4}{\376\377\0004\000.\0004\000\040\000c\000l\000a\000s\000s\000\137\000m\000a\000n\000a\000g\000e\000m\000e\000n\000t\000.\000w\000s\000g\000i\000\040\000N\000a\000m\000e\000s\000p\000a\000c\000e\000\040\000R\000e\000f\000e\000r\000e\000n\000c\000e}{chapter.4}% 24
\BOOKMARK [2][-]{subsection.4.4.1}{\376\377\0004\000.\0004\000.\0001\000\040\000D\000e\000t\000a\000i\000l\000e\000d\000\040\000D\000e\000s\000c\000r\000i\000p\000t\000i\000o\000n}{section.4.4}% 25
\BOOKMARK [0][-]{chapter.5}{\376\377\0005\000\040\000C\000l\000a\000s\000s\000\040\000D\000o\000c\000u\000m\000e\000n\000t\000a\000t\000i\000o\000n}{}% 26
\BOOKMARK [1][-]{section.5.1}{\376\377\0005\000.\0001\000\040\000a\000t\000t\000e\000n\000d\000a\000n\000c\000e\000.\000f\000o\000r\000m\000s\000.\000C\000h\000o\000o\000s\000e\000C\000l\000a\000s\000s\000F\000o\000r\000m\000\040\000C\000l\000a\000s\000s\000\040\000R\000e\000f\000e\000r\000e\000n\000c\000e}{chapter.5}% 27
\BOOKMARK [2][-]{subsection.5.1.1}{\376\377\0005\000.\0001\000.\0001\000\040\000D\000e\000t\000a\000i\000l\000e\000d\000\040\000D\000e\000s\000c\000r\000i\000p\000t\000i\000o\000n}{section.5.1}% 28
\BOOKMARK [1][-]{section.5.2}{\376\377\0005\000.\0002\000\040\000a\000t\000t\000e\000n\000d\000a\000n\000c\000e\000.\000m\000o\000d\000e\000l\000s\000.\000C\000l\000a\000s\000s\000\040\000C\000l\000a\000s\000s\000\040\000R\000e\000f\000e\000r\000e\000n\000c\000e}{chapter.5}% 29
\BOOKMARK [2][-]{subsection.5.2.1}{\376\377\0005\000.\0002\000.\0001\000\040\000D\000e\000t\000a\000i\000l\000e\000d\000\040\000D\000e\000s\000c\000r\000i\000p\000t\000i\000o\000n}{section.5.2}% 30
\BOOKMARK [2][-]{subsection.5.2.2}{\376\377\0005\000.\0002\000.\0002\000\040\000M\000e\000m\000b\000e\000r\000\040\000D\000a\000t\000a\000\040\000D\000o\000c\000u\000m\000e\000n\000t\000a\000t\000i\000o\000n}{section.5.2}% 31
\BOOKMARK [3][-]{subsubsection.5.2.2.1}{\376\377\0005\000.\0002\000.\0002\000.\0001\000\040\000S\000E\000M\000E\000S\000T\000E\000R\000S}{subsection.5.2.2}% 32
\BOOKMARK [1][-]{section.5.3}{\376\377\0005\000.\0003\000\040\000a\000t\000t\000e\000n\000d\000a\000n\000c\000e\000.\000a\000d\000m\000i\000n\000.\000C\000l\000a\000s\000s\000A\000d\000m\000i\000n\000\040\000C\000l\000a\000s\000s\000\040\000R\000e\000f\000e\000r\000e\000n\000c\000e}{chapter.5}% 33
\BOOKMARK [1][-]{section.5.4}{\376\377\0005\000.\0004\000\040\000a\000t\000t\000e\000n\000d\000a\000n\000c\000e\000.\000v\000i\000e\000w\000s\000.\000C\000l\000a\000s\000s\000I\000n\000d\000e\000x\000V\000i\000e\000w\000\040\000C\000l\000a\000s\000s\000\040\000R\000e\000f\000e\000r\000e\000n\000c\000e}{chapter.5}% 34
\BOOKMARK [2][-]{subsection.5.4.1}{\376\377\0005\000.\0004\000.\0001\000\040\000D\000e\000t\000a\000i\000l\000e\000d\000\040\000D\000e\000s\000c\000r\000i\000p\000t\000i\000o\000n}{section.5.4}% 35
\BOOKMARK [1][-]{section.5.5}{\376\377\0005\000.\0005\000\040\000a\000t\000t\000e\000n\000d\000a\000n\000c\000e\000.\000v\000i\000e\000w\000s\000.\000C\000l\000a\000s\000s\000L\000i\000s\000t\000\040\000C\000l\000a\000s\000s\000\040\000R\000e\000f\000e\000r\000e\000n\000c\000e}{chapter.5}% 36
\BOOKMARK [2][-]{subsection.5.5.1}{\376\377\0005\000.\0005\000.\0001\000\040\000D\000e\000t\000a\000i\000l\000e\000d\000\040\000D\000e\000s\000c\000r\000i\000p\000t\000i\000o\000n}{section.5.5}% 37
\BOOKMARK [1][-]{section.5.6}{\376\377\0005\000.\0006\000\040\000a\000t\000t\000e\000n\000d\000a\000n\000c\000e\000.\000s\000e\000r\000i\000a\000l\000i\000z\000e\000r\000s\000.\000C\000l\000a\000s\000s\000S\000e\000r\000i\000a\000l\000i\000z\000e\000r\000\040\000C\000l\000a\000s\000s\000\040\000R\000e\000f\000e\000r\000e\000n\000c\000e}{chapter.5}% 38
\BOOKMARK [2][-]{subsection.5.6.1}{\376\377\0005\000.\0006\000.\0001\000\040\000D\000e\000t\000a\000i\000l\000e\000d\000\040\000D\000e\000s\000c\000r\000i\000p\000t\000i\000o\000n}{section.5.6}% 39
\BOOKMARK [1][-]{section.5.7}{\376\377\0005\000.\0007\000\040\000a\000t\000t\000e\000n\000d\000a\000n\000c\000e\000.\000v\000i\000e\000w\000s\000.\000C\000l\000a\000s\000s\000V\000i\000e\000w\000\040\000C\000l\000a\000s\000s\000\040\000R\000e\000f\000e\000r\000e\000n\000c\000e}{chapter.5}% 40
\BOOKMARK [2][-]{subsection.5.7.1}{\376\377\0005\000.\0007\000.\0001\000\040\000D\000e\000t\000a\000i\000l\000e\000d\000\040\000D\000e\000s\000c\000r\000i\000p\000t\000i\000o\000n}{section.5.7}% 41
\BOOKMARK [1][-]{section.5.8}{\376\377\0005\000.\0008\000\040\000a\000t\000t\000e\000n\000d\000a\000n\000c\000e\000.\000v\000i\000e\000w\000s\000.\000C\000u\000r\000r\000e\000n\000t\000U\000s\000e\000r\000\040\000C\000l\000a\000s\000s\000\040\000R\000e\000f\000e\000r\000e\000n\000c\000e}{chapter.5}% 42
\BOOKMARK [2][-]{subsection.5.8.1}{\376\377\0005\000.\0008\000.\0001\000\040\000D\000e\000t\000a\000i\000l\000e\000d\000\040\000D\000e\000s\000c\000r\000i\000p\000t\000i\000o\000n}{section.5.8}% 43
\BOOKMARK [1][-]{section.5.9}{\376\377\0005\000.\0009\000\040\000a\000t\000t\000e\000n\000d\000a\000n\000c\000e\000.\000s\000e\000r\000i\000a\000l\000i\000z\000e\000r\000s\000.\000C\000l\000a\000s\000s\000S\000e\000r\000i\000a\000l\000i\000z\000e\000r\000.\000M\000e\000t\000a\000\040\000C\000l\000a\000s\000s\000\040\000R\000e\000f\000e\000r\000e\000n\000c\000e}{chapter.5}% 44
\BOOKMARK [2][-]{subsection.5.9.1}{\376\377\0005\000.\0009\000.\0001\000\040\000D\000e\000t\000a\000i\000l\000e\000d\000\040\000D\000e\000s\000c\000r\000i\000p\000t\000i\000o\000n}{section.5.9}% 45
\BOOKMARK [1][-]{section.5.10}{\376\377\0005\000.\0001\0000\000\040\000a\000t\000t\000e\000n\000d\000a\000n\000c\000e\000.\000s\000e\000r\000i\000a\000l\000i\000z\000e\000r\000s\000.\000S\000e\000s\000s\000i\000o\000n\000S\000e\000r\000i\000a\000l\000i\000z\000e\000r\000.\000M\000e\000t\000a\000\040\000C\000l\000a\000s\000s\000\040\000R\000e\000f\000e\000r\000e\000n\000c\000e}{chapter.5}% 46
\BOOKMARK [2][-]{subsection.5.10.1}{\376\377\0005\000.\0001\0000\000.\0001\000\040\000D\000e\000t\000a\000i\000l\000e\000d\000\040\000D\000e\000s\000c\000r\000i\000p\000t\000i\000o\000n}{section.5.10}% 47
\BOOKMARK [1][-]{section.5.11}{\376\377\0005\000.\0001\0001\000\040\000a\000t\000t\000e\000n\000d\000a\000n\000c\000e\000.\000m\000o\000d\000e\000l\000s\000.\000C\000l\000a\000s\000s\000.\000M\000e\000t\000a\000\040\000C\000l\000a\000s\000s\000\040\000R\000e\000f\000e\000r\000e\000n\000c\000e}{chapter.5}% 48
\BOOKMARK [2][-]{subsection.5.11.1}{\376\377\0005\000.\0001\0001\000.\0001\000\040\000D\000e\000t\000a\000i\000l\000e\000d\000\040\000D\000e\000s\000c\000r\000i\000p\000t\000i\000o\000n}{section.5.11}% 49
\BOOKMARK [1][-]{section.5.12}{\376\377\0005\000.\0001\0002\000\040\000a\000t\000t\000e\000n\000d\000a\000n\000c\000e\000.\000s\000e\000r\000i\000a\000l\000i\000z\000e\000r\000s\000.\000U\000s\000e\000r\000S\000e\000r\000i\000a\000l\000i\000z\000e\000r\000.\000M\000e\000t\000a\000\040\000C\000l\000a\000s\000s\000\040\000R\000e\000f\000e\000r\000e\000n\000c\000e}{chapter.5}% 50
\BOOKMARK [2][-]{subsection.5.12.1}{\376\377\0005\000.\0001\0002\000.\0001\000\040\000D\000e\000t\000a\000i\000l\000e\000d\000\040\000D\000e\000s\000c\000r\000i\000p\000t\000i\000o\000n}{section.5.12}% 51
\BOOKMARK [1][-]{section.5.13}{\376\377\0005\000.\0001\0003\000\040\000a\000t\000t\000e\000n\000d\000a\000n\000c\000e\000.\000s\000e\000r\000i\000a\000l\000i\000z\000e\000r\000s\000.\000S\000t\000u\000d\000e\000n\000t\000S\000e\000r\000i\000a\000l\000i\000z\000e\000r\000.\000M\000e\000t\000a\000\040\000C\000l\000a\000s\000s\000\040\000R\000e\000f\000e\000r\000e\000n\000c\000e}{chapter.5}% 52
\BOOKMARK [2][-]{subsection.5.13.1}{\376\377\0005\000.\0001\0003\000.\0001\000\040\000D\000e\000t\000a\000i\000l\000e\000d\000\040\000D\000e\000s\000c\000r\000i\000p\000t\000i\000o\000n}{section.5.13}% 53
\BOOKMARK [1][-]{section.5.14}{\376\377\0005\000.\0001\0004\000\040\000a\000t\000t\000e\000n\000d\000a\000n\000c\000e\000.\000s\000e\000r\000i\000a\000l\000i\000z\000e\000r\000s\000.\000T\000o\000k\000e\000n\000S\000e\000r\000i\000a\000l\000i\000z\000e\000r\000.\000M\000e\000t\000a\000\040\000C\000l\000a\000s\000s\000\040\000R\000e\000f\000e\000r\000e\000n\000c\000e}{chapter.5}% 54
\BOOKMARK [2][-]{subsection.5.14.1}{\376\377\0005\000.\0001\0004\000.\0001\000\040\000D\000e\000t\000a\000i\000l\000e\000d\000\040\000D\000e\000s\000c\000r\000i\000p\000t\000i\000o\000n}{section.5.14}% 55
\BOOKMARK [1][-]{section.5.15}{\376\377\0005\000.\0001\0005\000\040\000a\000t\000t\000e\000n\000d\000a\000n\000c\000e\000.\000m\000i\000g\000r\000a\000t\000i\000o\000n\000s\000.\0000\0000\0000\0003\000\137\000a\000u\000t\000o\000\137\0002\0000\0001\0006\0000\0009\0002\0002\000\137\0001\0004\0004\0007\000.\000M\000i\000g\000r\000a\000t\000i\000o\000n\000\040\000C\000l\000a\000s\000s\000\040\000R\000e\000f\000e\000r\000e\000n\000c\000e}{chapter.5}% 56
\BOOKMARK [2][-]{subsection.5.15.1}{\376\377\0005\000.\0001\0005\000.\0001\000\040\000D\000e\000t\000a\000i\000l\000e\000d\000\040\000D\000e\000s\000c\000r\000i\000p\000t\000i\000o\000n}{section.5.15}% 57
\BOOKMARK [2][-]{subsection.5.15.2}{\376\377\0005\000.\0001\0005\000.\0002\000\040\000M\000e\000m\000b\000e\000r\000\040\000D\000a\000t\000a\000\040\000D\000o\000c\000u\000m\000e\000n\000t\000a\000t\000i\000o\000n}{section.5.15}% 58
\BOOKMARK [3][-]{subsubsection.5.15.2.1}{\376\377\0005\000.\0001\0005\000.\0002\000.\0001\000\040\000d\000e\000p\000e\000n\000d\000e\000n\000c\000i\000e\000s}{subsection.5.15.2}% 59
\BOOKMARK [3][-]{subsubsection.5.15.2.2}{\376\377\0005\000.\0001\0005\000.\0002\000.\0002\000\040\000o\000p\000e\000r\000a\000t\000i\000o\000n\000s}{subsection.5.15.2}% 60
\BOOKMARK [1][-]{section.5.16}{\376\377\0005\000.\0001\0006\000\040\000a\000t\000t\000e\000n\000d\000a\000n\000c\000e\000.\000m\000i\000g\000r\000a\000t\000i\000o\000n\000s\000.\0000\0000\0000\0002\000\137\000a\000u\000t\000o\000\137\0002\0000\0001\0006\0000\0009\0000\0002\000\137\0001\0003\0000\0007\000.\000M\000i\000g\000r\000a\000t\000i\000o\000n\000\040\000C\000l\000a\000s\000s\000\040\000R\000e\000f\000e\000r\000e\000n\000c\000e}{chapter.5}% 61
\BOOKMARK [2][-]{subsection.5.16.1}{\376\377\0005\000.\0001\0006\000.\0001\000\040\000D\000e\000t\000a\000i\000l\000e\000d\000\040\000D\000e\000s\000c\000r\000i\000p\000t\000i\000o\000n}{section.5.16}% 62
\BOOKMARK [2][-]{subsection.5.16.2}{\376\377\0005\000.\0001\0006\000.\0002\000\040\000M\000e\000m\000b\000e\000r\000\040\000D\000a\000t\000a\000\040\000D\000o\000c\000u\000m\000e\000n\000t\000a\000t\000i\000o\000n}{section.5.16}% 63
\BOOKMARK [3][-]{subsubsection.5.16.2.1}{\376\377\0005\000.\0001\0006\000.\0002\000.\0001\000\040\000d\000e\000p\000e\000n\000d\000e\000n\000c\000i\000e\000s}{subsection.5.16.2}% 64
\BOOKMARK [3][-]{subsubsection.5.16.2.2}{\376\377\0005\000.\0001\0006\000.\0002\000.\0002\000\040\000o\000p\000e\000r\000a\000t\000i\000o\000n\000s}{subsection.5.16.2}% 65
\BOOKMARK [1][-]{section.5.17}{\376\377\0005\000.\0001\0007\000\040\000a\000t\000t\000e\000n\000d\000a\000n\000c\000e\000.\000m\000i\000g\000r\000a\000t\000i\000o\000n\000s\000.\0000\0000\0000\0001\000\137\000i\000n\000i\000t\000i\000a\000l\000.\000M\000i\000g\000r\000a\000t\000i\000o\000n\000\040\000C\000l\000a\000s\000s\000\040\000R\000e\000f\000e\000r\000e\000n\000c\000e}{chapter.5}% 66
\BOOKMARK [2][-]{subsection.5.17.1}{\376\377\0005\000.\0001\0007\000.\0001\000\040\000D\000e\000t\000a\000i\000l\000e\000d\000\040\000D\000e\000s\000c\000r\000i\000p\000t\000i\000o\000n}{section.5.17}% 67
\BOOKMARK [2][-]{subsection.5.17.2}{\376\377\0005\000.\0001\0007\000.\0002\000\040\000M\000e\000m\000b\000e\000r\000\040\000D\000a\000t\000a\000\040\000D\000o\000c\000u\000m\000e\000n\000t\000a\000t\000i\000o\000n}{section.5.17}% 68
\BOOKMARK [3][-]{subsubsection.5.17.2.1}{\376\377\0005\000.\0001\0007\000.\0002\000.\0001\000\040\000d\000e\000p\000e\000n\000d\000e\000n\000c\000i\000e\000s}{subsection.5.17.2}% 69
\BOOKMARK [1][-]{section.5.18}{\376\377\0005\000.\0001\0008\000\040\000a\000t\000t\000e\000n\000d\000a\000n\000c\000e\000.\000m\000o\000d\000e\000l\000s\000.\000S\000e\000s\000s\000i\000o\000n\000\040\000C\000l\000a\000s\000s\000\040\000R\000e\000f\000e\000r\000e\000n\000c\000e}{chapter.5}% 70
\BOOKMARK [2][-]{subsection.5.18.1}{\376\377\0005\000.\0001\0008\000.\0001\000\040\000D\000e\000t\000a\000i\000l\000e\000d\000\040\000D\000e\000s\000c\000r\000i\000p\000t\000i\000o\000n}{section.5.18}% 71
\BOOKMARK [1][-]{section.5.19}{\376\377\0005\000.\0001\0009\000\040\000a\000t\000t\000e\000n\000d\000a\000n\000c\000e\000.\000a\000d\000m\000i\000n\000.\000S\000e\000s\000s\000i\000o\000n\000A\000d\000m\000i\000n\000\040\000C\000l\000a\000s\000s\000\040\000R\000e\000f\000e\000r\000e\000n\000c\000e}{chapter.5}% 72
\BOOKMARK [2][-]{subsection.5.19.1}{\376\377\0005\000.\0001\0009\000.\0001\000\040\000D\000e\000t\000a\000i\000l\000e\000d\000\040\000D\000e\000s\000c\000r\000i\000p\000t\000i\000o\000n}{section.5.19}% 73
\BOOKMARK [1][-]{section.5.20}{\376\377\0005\000.\0002\0000\000\040\000a\000t\000t\000e\000n\000d\000a\000n\000c\000e\000.\000v\000i\000e\000w\000s\000.\000S\000e\000s\000s\000i\000o\000n\000D\000e\000t\000a\000i\000l\000\040\000C\000l\000a\000s\000s\000\040\000R\000e\000f\000e\000r\000e\000n\000c\000e}{chapter.5}% 74
\BOOKMARK [2][-]{subsection.5.20.1}{\376\377\0005\000.\0002\0000\000.\0001\000\040\000D\000e\000t\000a\000i\000l\000e\000d\000\040\000D\000e\000s\000c\000r\000i\000p\000t\000i\000o\000n}{section.5.20}% 75
\BOOKMARK [1][-]{section.5.21}{\376\377\0005\000.\0002\0001\000\040\000a\000t\000t\000e\000n\000d\000a\000n\000c\000e\000.\000v\000i\000e\000w\000s\000.\000S\000e\000s\000s\000i\000o\000n\000L\000i\000s\000t\000\040\000C\000l\000a\000s\000s\000\040\000R\000e\000f\000e\000r\000e\000n\000c\000e}{chapter.5}% 76
\BOOKMARK [2][-]{subsection.5.21.1}{\376\377\0005\000.\0002\0001\000.\0001\000\040\000D\000e\000t\000a\000i\000l\000e\000d\000\040\000D\000e\000s\000c\000r\000i\000p\000t\000i\000o\000n}{section.5.21}% 77
\BOOKMARK [1][-]{section.5.22}{\376\377\0005\000.\0002\0002\000\040\000a\000t\000t\000e\000n\000d\000a\000n\000c\000e\000.\000s\000e\000r\000i\000a\000l\000i\000z\000e\000r\000s\000.\000S\000e\000s\000s\000i\000o\000n\000S\000e\000r\000i\000a\000l\000i\000z\000e\000r\000\040\000C\000l\000a\000s\000s\000\040\000R\000e\000f\000e\000r\000e\000n\000c\000e}{chapter.5}% 78
\BOOKMARK [2][-]{subsection.5.22.1}{\376\377\0005\000.\0002\0002\000.\0001\000\040\000D\000e\000t\000a\000i\000l\000e\000d\000\040\000D\000e\000s\000c\000r\000i\000p\000t\000i\000o\000n}{section.5.22}% 79
\BOOKMARK [1][-]{section.5.23}{\376\377\0005\000.\0002\0003\000\040\000a\000t\000t\000e\000n\000d\000a\000n\000c\000e\000.\000f\000o\000r\000m\000s\000.\000S\000i\000g\000n\000I\000n\000F\000o\000r\000m\000\040\000C\000l\000a\000s\000s\000\040\000R\000e\000f\000e\000r\000e\000n\000c\000e}{chapter.5}% 80
\BOOKMARK [2][-]{subsection.5.23.1}{\376\377\0005\000.\0002\0003\000.\0001\000\040\000D\000e\000t\000a\000i\000l\000e\000d\000\040\000D\000e\000s\000c\000r\000i\000p\000t\000i\000o\000n}{section.5.23}% 81
\BOOKMARK [1][-]{section.5.24}{\376\377\0005\000.\0002\0004\000\040\000a\000t\000t\000e\000n\000d\000a\000n\000c\000e\000.\000a\000p\000p\000s\000.\000S\000i\000g\000n\000i\000n\000s\000h\000e\000e\000t\000C\000o\000n\000f\000i\000g\000\040\000C\000l\000a\000s\000s\000\040\000R\000e\000f\000e\000r\000e\000n\000c\000e}{chapter.5}% 82
\BOOKMARK [2][-]{subsection.5.24.1}{\376\377\0005\000.\0002\0004\000.\0001\000\040\000D\000e\000t\000a\000i\000l\000e\000d\000\040\000D\000e\000s\000c\000r\000i\000p\000t\000i\000o\000n}{section.5.24}% 83
\BOOKMARK [1][-]{section.5.25}{\376\377\0005\000.\0002\0005\000\040\000a\000t\000t\000e\000n\000d\000a\000n\000c\000e\000.\000v\000i\000e\000w\000s\000.\000S\000i\000g\000n\000I\000n\000V\000i\000e\000w\000\040\000C\000l\000a\000s\000s\000\040\000R\000e\000f\000e\000r\000e\000n\000c\000e}{chapter.5}% 84
\BOOKMARK [2][-]{subsection.5.25.1}{\376\377\0005\000.\0002\0005\000.\0001\000\040\000D\000e\000t\000a\000i\000l\000e\000d\000\040\000D\000e\000s\000c\000r\000i\000p\000t\000i\000o\000n}{section.5.25}% 85
\BOOKMARK [1][-]{section.5.26}{\376\377\0005\000.\0002\0006\000\040\000a\000t\000t\000e\000n\000d\000a\000n\000c\000e\000.\000m\000o\000d\000e\000l\000s\000.\000S\000t\000u\000d\000e\000n\000t\000\040\000C\000l\000a\000s\000s\000\040\000R\000e\000f\000e\000r\000e\000n\000c\000e}{chapter.5}% 86
\BOOKMARK [2][-]{subsection.5.26.1}{\376\377\0005\000.\0002\0006\000.\0001\000\040\000D\000e\000t\000a\000i\000l\000e\000d\000\040\000D\000e\000s\000c\000r\000i\000p\000t\000i\000o\000n}{section.5.26}% 87
\BOOKMARK [1][-]{section.5.27}{\376\377\0005\000.\0002\0007\000\040\000a\000t\000t\000e\000n\000d\000a\000n\000c\000e\000.\000a\000d\000m\000i\000n\000.\000S\000t\000u\000d\000e\000n\000t\000A\000d\000m\000i\000n\000\040\000C\000l\000a\000s\000s\000\040\000R\000e\000f\000e\000r\000e\000n\000c\000e}{chapter.5}% 88
\BOOKMARK [2][-]{subsection.5.27.1}{\376\377\0005\000.\0002\0007\000.\0001\000\040\000D\000e\000t\000a\000i\000l\000e\000d\000\040\000D\000e\000s\000c\000r\000i\000p\000t\000i\000o\000n}{section.5.27}% 89
\BOOKMARK [1][-]{section.5.28}{\376\377\0005\000.\0002\0008\000\040\000a\000t\000t\000e\000n\000d\000a\000n\000c\000e\000.\000v\000i\000e\000w\000s\000.\000S\000t\000u\000d\000e\000n\000t\000L\000i\000s\000t\000\040\000C\000l\000a\000s\000s\000\040\000R\000e\000f\000e\000r\000e\000n\000c\000e}{chapter.5}% 90
\BOOKMARK [2][-]{subsection.5.28.1}{\376\377\0005\000.\0002\0008\000.\0001\000\040\000D\000e\000t\000a\000i\000l\000e\000d\000\040\000D\000e\000s\000c\000r\000i\000p\000t\000i\000o\000n}{section.5.28}% 91
\BOOKMARK [1][-]{section.5.29}{\376\377\0005\000.\0002\0009\000\040\000a\000t\000t\000e\000n\000d\000a\000n\000c\000e\000.\000s\000e\000r\000i\000a\000l\000i\000z\000e\000r\000s\000.\000S\000t\000u\000d\000e\000n\000t\000S\000e\000r\000i\000a\000l\000i\000z\000e\000r\000\040\000C\000l\000a\000s\000s\000\040\000R\000e\000f\000e\000r\000e\000n\000c\000e}{chapter.5}% 92
\BOOKMARK [2][-]{subsection.5.29.1}{\376\377\0005\000.\0002\0009\000.\0001\000\040\000D\000e\000t\000a\000i\000l\000e\000d\000\040\000D\000e\000s\000c\000r\000i\000p\000t\000i\000o\000n}{section.5.29}% 93
\BOOKMARK [1][-]{section.5.30}{\376\377\0005\000.\0003\0000\000\040\000a\000t\000t\000e\000n\000d\000a\000n\000c\000e\000.\000v\000i\000e\000w\000s\000.\000T\000a\000b\000u\000l\000a\000t\000e\000V\000i\000e\000w\000\040\000C\000l\000a\000s\000s\000\040\000R\000e\000f\000e\000r\000e\000n\000c\000e}{chapter.5}% 94
\BOOKMARK [2][-]{subsection.5.30.1}{\376\377\0005\000.\0003\0000\000.\0001\000\040\000D\000e\000t\000a\000i\000l\000e\000d\000\040\000D\000e\000s\000c\000r\000i\000p\000t\000i\000o\000n}{section.5.30}% 95
\BOOKMARK [1][-]{section.5.31}{\376\377\0005\000.\0003\0001\000\040\000a\000t\000t\000e\000n\000d\000a\000n\000c\000e\000.\000s\000e\000r\000i\000a\000l\000i\000z\000e\000r\000s\000.\000T\000o\000k\000e\000n\000S\000e\000r\000i\000a\000l\000i\000z\000e\000r\000\040\000C\000l\000a\000s\000s\000\040\000R\000e\000f\000e\000r\000e\000n\000c\000e}{chapter.5}% 96
\BOOKMARK [2][-]{subsection.5.31.1}{\376\377\0005\000.\0003\0001\000.\0001\000\040\000D\000e\000t\000a\000i\000l\000e\000d\000\040\000D\000e\000s\000c\000r\000i\000p\000t\000i\000o\000n}{section.5.31}% 97
\BOOKMARK [1][-]{section.5.32}{\376\377\0005\000.\0003\0002\000\040\000a\000t\000t\000e\000n\000d\000a\000n\000c\000e\000.\000s\000e\000r\000i\000a\000l\000i\000z\000e\000r\000s\000.\000U\000s\000e\000r\000S\000e\000r\000i\000a\000l\000i\000z\000e\000r\000\040\000C\000l\000a\000s\000s\000\040\000R\000e\000f\000e\000r\000e\000n\000c\000e}{chapter.5}% 98
\BOOKMARK [2][-]{subsection.5.32.1}{\376\377\0005\000.\0003\0002\000.\0001\000\040\000D\000e\000t\000a\000i\000l\000e\000d\000\040\000D\000e\000s\000c\000r\000i\000p\000t\000i\000o\000n}{section.5.32}% 99
\BOOKMARK [0][-]{section*.47}{\376\377\000I\000n\000d\000e\000x}{}% 100
